<?xml version="1.0" encoding="UTF-8"?>
<testsuite name="com.tictactoe.main.TicTacToeTest" tests="2" skipped="0" failures="0" errors="0" timestamp="2015-10-30T19:07:50" hostname="i-7f3b5dd9.csd07cloud.internal" time="0.003">
  <properties/>
  <testcase name="greetResultsInHello" classname="com.tictactoe.main.TicTacToeTest" time="0.001"/>
  <testcase name="newBoard" classname="com.tictactoe.main.TicTacToeTest" time="0.002"/>
  <system-out><![CDATA[]]></system-out>
  <system-err><![CDATA[]]></system-err>
</testsuite>
