<?xml version="1.0" encoding="UTF-8"?>
<testsuite name="com.tictactoe.main.TicTacToeTest" tests="5" skipped="0" failures="0" errors="0" timestamp="2015-10-31T02:23:07" hostname="i-7f3b5dd9.csd07cloud.internal" time="0.007">
  <properties/>
  <testcase name="greetResultsInHello" classname="com.tictactoe.main.TicTacToeTest" time="0.001"/>
  <testcase name="getMarkTest" classname="com.tictactoe.main.TicTacToeTest" time="0.002"/>
  <testcase name="markBoard" classname="com.tictactoe.main.TicTacToeTest" time="0.001"/>
  <testcase name="getMarkTestEmpty" classname="com.tictactoe.main.TicTacToeTest" time="0.0"/>
  <testcase name="newBoard" classname="com.tictactoe.main.TicTacToeTest" time="0.0"/>
  <system-out><![CDATA[]]></system-out>
  <system-err><![CDATA[]]></system-err>
</testsuite>
